{"ts":1717020284674,"action":"PROJECT_OPENED","tags":{"PROJECT_NAME":"book-social-network"}}
{"ts":1717020352043,"action":"IDE_DEACTIVATED"}
{"ts":1717020436950,"action":"IDE_ACTIVATED"}
{"ts":1717020504665,"action":"IDE_DEACTIVATED"}
{"ts":1717020509259,"action":"IDE_ACTIVATED"}
{"ts":1717020599123,"action":"IDE_DEACTIVATED"}
{"ts":1717020695477,"action":"IDE_ACTIVATED"}
{"ts":1717020783303,"action":"IDE_DEACTIVATED"}
{"ts":1717020846477,"action":"IDE_ACTIVATED"}
{"ts":1717021017392,"action":"IDE_DEACTIVATED"}
{"ts":1717021505977,"action":"IDE_ACTIVATED"}
{"ts":1717021539442,"action":"IDE_DEACTIVATED"}
{"ts":1717021544896,"action":"IDE_ACTIVATED"}
{"ts":1717021577682,"action":"IDE_DEACTIVATED"}
{"ts":1717021585548,"action":"IDE_ACTIVATED"}
{"ts":1717021615641,"action":"IDE_DEACTIVATED"}
{"ts":1717021650571,"action":"IDE_ACTIVATED"}
{"ts":1717021705156,"action":"IDE_DEACTIVATED"}
{"ts":1717023026775,"action":"IDE_ACTIVATED"}
{"ts":1717023027534,"action":"IDE_DEACTIVATED"}
{"ts":1717023028481,"action":"IDE_ACTIVATED"}
{"ts":1717023039674,"action":"IDE_DEACTIVATED"}
{"ts":1717023113830,"action":"IDE_ACTIVATED"}
{"ts":1717023311840,"action":"FILE_OPENED","file":"/book-network-backend/book-network/src/main/java/com/hk/book_network/BookNetworkApplication.java","tags":{"FILE_LINE_OF_CODE":"14"}}
{"ts":1717023341395,"action":"FILE_CLOSED","file":"/book-network-backend/book-network/src/main/java/com/hk/book_network/BookNetworkApplication.java","tags":{"FILE_LINE_OF_CODE":"14"}}
{"ts":1717023342111,"action":"FILE_OPENED","file":"/book-network-backend/book-network/src/main/java/com/hk/book_network/BookNetworkApplication.java","tags":{"FILE_LINE_OF_CODE":"14"}}
{"ts":1717023343640,"action":"FILE_CLOSED","file":"/book-network-backend/book-network/src/main/java/com/hk/book_network/BookNetworkApplication.java","tags":{"FILE_LINE_OF_CODE":"14"}}
{"ts":1717023360545,"action":"FILE_OPENED","file":"/book-network-backend/book-network/src/main/java/com/hk/book_network/BookNetworkApplication.java","tags":{"FILE_LINE_OF_CODE":"14"}}
{"ts":1717023362020,"action":"FILE_CLOSED","file":"/book-network-backend/book-network/src/main/java/com/hk/book_network/BookNetworkApplication.java","tags":{"FILE_LINE_OF_CODE":"14"}}
{"ts":1717023426513,"action":"IDE_DEACTIVATED"}
{"ts":1717023457463,"action":"IDE_ACTIVATED"}
{"ts":1717023467198,"action":"FILE_OPENED","file":"/book-network-backend/src/main/java/com/hk/book_network/BookNetworkApplication.java","tags":{"FILE_LINE_OF_CODE":"14"}}
{"ts":1717023468387,"action":"FILE_CLOSED","file":"/book-network-backend/src/main/java/com/hk/book_network/BookNetworkApplication.java","tags":{"FILE_LINE_OF_CODE":"14"}}
{"ts":1717023588146,"action":"IDE_DEACTIVATED"}
{"ts":1717023592352,"action":"IDE_ACTIVATED"}
{"ts":1717023600557,"action":"IDE_DEACTIVATED"}
{"ts":1717023610800,"action":"IDE_ACTIVATED"}
{"ts":1717023633305,"action":"IDE_DEACTIVATED"}
{"ts":1717023641329,"action":"IDE_ACTIVATED"}
{"ts":1717023700385,"action":"IDE_DEACTIVATED"}
{"ts":1717023746765,"action":"IDE_ACTIVATED"}
{"ts":1717023783221,"action":"IDE_DEACTIVATED"}
{"ts":1717057311200,"action":"IDE_ACTIVATED"}
{"ts":1717057341119,"action":"IDE_DEACTIVATED"}
{"ts":1717057343961,"action":"PROJECT_CLOSED","tags":{"PROJECT_NAME":"book-social-network"}}
{"ts":1717084302693,"action":"PROJECT_OPENED","tags":{"PROJECT_NAME":"book-social-network"}}
{"ts":1717084315540,"action":"FILE_OPENED","file":"/book-network-backend/src/main/java/com/hk/book_network/BookNetworkApplication.java","tags":{"FILE_LINE_OF_CODE":"14"}}
{"ts":1717084321627,"action":"FILE_CLOSED","file":"/book-network-backend/src/main/java/com/hk/book_network/BookNetworkApplication.java","tags":{"FILE_LINE_OF_CODE":"14"}}
{"ts":1717084341040,"action":"IDE_DEACTIVATED"}
{"ts":1717084343795,"action":"IDE_ACTIVATED"}
{"ts":1717084349404,"action":"FILE_OPENED","file":"/docker-compose.yml","tags":{"FILE_LINE_OF_CODE":"0"}}
{"ts":1717084361027,"action":"IDE_DEACTIVATED"}
{"ts":1717084393189,"action":"IDE_ACTIVATED"}
{"ts":1717084463505,"action":"FILE_CLOSED","file":"/docker-compose.yml","tags":{"FILE_LINE_OF_CODE":"0"}}
{"ts":1717084463505,"action":"FILE_OPENED","file":"/book-network-backend/src/main/java/com/hk/book_network/BookNetworkApplication.java","tags":{"FILE_LINE_OF_CODE":"14"}}
{"ts":1717084467223,"action":"FILE_CLOSED","file":"/book-network-backend/src/main/java/com/hk/book_network/BookNetworkApplication.java","tags":{"FILE_LINE_OF_CODE":"14"}}
{"ts":1717084476087,"action":"FILE_OPENED","file":"/docker-compose.yml","tags":{"FILE_LINE_OF_CODE":"0"}}
{"ts":1717084476103,"action":"FILE_CLOSED","file":"/docker-compose.yml","tags":{"FILE_LINE_OF_CODE":"0"}}
{"ts":1717084476103,"action":"FILE_OPENED","file":"/book-social-network.iml","tags":{"FILE_LINE_OF_CODE":"9"}}
{"ts":1717084514941,"action":"PROJECT_CLOSED","tags":{"PROJECT_NAME":"book-social-network"}}
{"ts":1717084527302,"action":"PROJECT_OPENED","tags":{"PROJECT_NAME":"book-social-network"}}
{"ts":1717084530223,"action":"FILE_OPENED","file":"/book-social-network.iml","tags":{"FILE_LINE_OF_CODE":"9"}}
{"ts":1717084670899,"action":"FILE_OPENED","file":"/docker-compose.yml","tags":{"FILE_LINE_OF_CODE":"0"}}
{"ts":1717084703580,"action":"IDE_DEACTIVATED"}
{"ts":1717086420812,"action":"IDE_ACTIVATED"}
{"ts":1717086425418,"action":"IDE_DEACTIVATED"}
{"ts":1717087296196,"action":"IDE_ACTIVATED"}
{"ts":1717087298739,"action":"IDE_DEACTIVATED"}
{"ts":1717087304036,"action":"IDE_ACTIVATED"}
